[main] INFO  library_management_system.Library  - Hello
  [main] INFO  library_management_system.Library  - Hello
  [main] INFO  library_management_system.Library  - Hello
  [main] ERROR library_management_system.Library  - Please enter valid option.
  [main] INFO  library_management_system.Library  - Hello
  [main] ERROR library_management_system.Library  - Please enter valid option.
  [main] DEBUG library_management_system.Library  - debug
  [main] INFO  library_management_system.Library  - Hello!!! Hope you are fine
  [main] ERROR library_management_system.Library  - Please enter valid option.
  [main] INFO  library_management_system.Library  - Hello!!!Hope you are fine
  [main] INFO  library_management_system.Library  - Hello!!!Hope you are fine
  [main] ERROR library_management_system.Library  - Please enter valid option.
  [main] INFO  library_management_system.Library  - Hello!!!Hope you are fine
  [main] INFO  library_management_system.Library  - Hello!!!
  [main] INFO  library_management_system.Library  - Hope you are fine
  [main] INFO  library_management_system.Library  - Hello!!!
  [main] INFO  library_management_system.Library  - Hope you are fine
  [main] ERROR library_management_system.Library  - Wrong Option!!!!!
  [main] INFO  library_management_system.Library  - Hello!!!
  [main] INFO  library_management_system.Library  - Hope you are fine
  [main] ERROR library_management_system.Library  - Wrong Option!!!!!
  [main] INFO  library_management_system.Library  - Hello!!!
  [main] INFO  library_management_system.Library  - Hope you are fine
  [main] INFO  library_management_system.Library  - Hello!!!
  [main] INFO  library_management_system.Library  - Hope you are fine
  [main] INFO  library_management_system.Library  - Hello!!!
  [main] INFO  library_management_system.Library  - Hope you are fine
  [main] INFO  library_management_system.Library  - Hello!!!
  [main] INFO  library_management_system.Library  - Hope you are fine
  [main] INFO  library_management_system.Library  - Hello!!!
  [main] INFO  library_management_system.Library  - Hope you are fine
  [main] INFO  library_management_system.Library  - Hello!!!
  [main] INFO  library_management_system.Library  - Hope you are fine
  [main] INFO  library_management_system.Library  - Hello!!!
  [main] INFO  library_management_system.Library  - Hope you are fine
  [main] INFO  library_management_system.Library  - Hello!!!
  [main] INFO  library_management_system.Library  - Hope you are fine
  [main] INFO  library_management_system.Library  - Hello!!!
  [main] INFO  library_management_system.Library  - Hope you are fine
  [main] ERROR library_management_system.Library  - Please enter valid input.
  [main] ERROR library_management_system.Library  - Please enter valid input.
  [main] ERROR library_management_system.Library  - Please enter valid input.
  [main] ERROR library_management_system.Library  - Please enter valid input.
  [main] INFO  library_management_system.Library  - Hello!!!
  [main] INFO  library_management_system.Library  - Hope you are fine
  [main] INFO  library_management_system.Library  - Hello!!!
  [main] INFO  library_management_system.Library  - Hope you are fine
  [main] INFO  library_management_system.Library  - Hello!!!
  [main] INFO  library_management_system.Library  - Hope you are fine
  [main] INFO  library_management_system.Library  - Hello!!!
  [main] INFO  library_management_system.Library  - Hope you are fine
  [main] INFO  library_management_system.Library  - Hello!!!
  [main] INFO  library_management_system.Library  - Hope you are fine
  [main] INFO  library_management_system.Library  - Hello!!!
  [main] INFO  library_management_system.Library  - Hope you are fine
  [main] INFO  library_management_system.Library  - Hello!!!
  [main] INFO  library_management_system.Library  - Hope you are fine
  [main] INFO  library_management_system.Library  - Hello!!!
  [main] INFO  library_management_system.Library  - Hope you are fine
  [main] ERROR library_management_system.Library  - Wrong Option!!!!!
  [main] ERROR library_management_system.Library  - Please enter valid input.
  [main] INFO  library_management_system.Library  - Hello!!!
  [main] INFO  library_management_system.Library  - Hope you are fine
  [main] ERROR library_management_system.Library  - Please enter valid input.
  [main] ERROR library_management_system.Library  - Wrong Option!!!!!
  [main] INFO  library_management_system.Library  - Hello!!!
  [main] INFO  library_management_system.Library  - Hope you are fine
  [main] INFO  library_management_system.Library  - Hello!!!
  [main] INFO  library_management_system.Library  - Hope you are fine
  [main] INFO  library_management_system.Library  - Hello!!!
  [main] INFO  library_management_system.Library  - Hope you are fine
  [main] INFO  library_management_system.Library  - Hello!!!
  [main] INFO  library_management_system.Library  - Hope you are fine
  [main] ERROR library_management_system.Library  - Please enter valid input.
  [main] ERROR library_management_system.Library  - Please enter valid input.
  [main] INFO  library_management_system.Library  - Hello!!!
  [main] INFO  library_management_system.Library  - Hope you are fine
  [main] ERROR library_management_system.Library  - Wrong Option!!!!!
  [main] ERROR library_management_system.Library  - Please enter valid input.
  [main] ERROR library_management_system.Library  - Please enter valid input.
  [main] ERROR library_management_system.Library  - Please enter valid input.
  [main] ERROR library_management_system.Library  - Please enter valid input.
  [main] INFO  library_management_system.Library  - Hello!!!
  [main] INFO  library_management_system.Library  - Hope you are fine
  [main] INFO  library_management_system.Library  - Hello!!!
  [main] INFO  library_management_system.Library  - Hope you are fine
  [main] ERROR library_management_system.Library  - Wrong Option!!!!!
  [main] INFO  library_management_system.Library  - Hello!!!
  [main] INFO  library_management_system.Library  - Hope you are fine
  [main] INFO  library_management_system.Library  - Hello!!!
  [main] INFO  library_management_system.Library  - Hope you are fine
  [main] INFO  library_management_system.Library  - Hello!!!
  [main] INFO  library_management_system.Library  - Hope you are fine
  [main] INFO  library_management_system.Library  - Hello!!!
  [main] INFO  library_management_system.Library  - Hope you are fine
  [main] ERROR library_management_system.Library  - Please enter valid input.
  [main] INFO  library_management_system.Library  - Hello!!!
  [main] INFO  library_management_system.Library  - Hope you are fine
  [main] INFO  library_management_system.Library  - Hello!!!
  [main] INFO  library_management_system.Library  - Hope you are fine
  [main] INFO  library_management_system.Library  - Hello!!!
  [main] INFO  library_management_system.Library  - Hope you are fine
  [main] ERROR library_management_system.Library  - Please enter valid input.
  [main] INFO  library_management_system.Library  - Hello!!!
  [main] INFO  library_management_system.Library  - Hope you are fine
  [main] INFO  library_management_system.Library  - Hello!!!
  [main] INFO  library_management_system.Library  - Hope you are fine
  [main] ERROR library_management_system.Library  - Please enter valid input.
  [main] INFO  library_management_system.Library  - Hello!!!
  [main] INFO  library_management_system.Library  - Hope you are fine
  [main] INFO  library_management_system.Library  - Hello!!!
  [main] INFO  library_management_system.Library  - Hope you are fine
  [main] INFO  library_management_system.Library  - Hello!!!
  [main] INFO  library_management_system.Library  - Hope you are fine
  [main] INFO  library_management_system.Library  - Hello!!!
  [main] INFO  library_management_system.Library  - Hope you are fine
  [main] INFO  library_management_system.Library  - Hello!!!
  [main] INFO  library_management_system.Library  - Hope you are fine
  [main] ERROR library_management_system.Library  - Wrong Option!!!!!
  [main] INFO  library_management_system.Library  - Hello!!!
  [main] INFO  library_management_system.Library  - Hope you are fine
  [main] INFO  library_management_system.Library  - Hello!!!
  [main] INFO  library_management_system.Library  - Hope you are fine
  [main] ERROR library_management_system.Library  - Please enter valid input.
  [main] INFO  library_management_system.Library  - Hello!!!
  [main] INFO  library_management_system.Library  - Hope you are fine
  [main] INFO  library_management_system.Library  - Hello!!!
  [main] INFO  library_management_system.Library  - Hope you are fine
  [main] INFO  library_management_system.Library  - Hello!!!
  [main] INFO  library_management_system.Library  - Hope you are fine
  [main] INFO  library_management_system.Library  - Hello!!!
  [main] INFO  library_management_system.Library  - Hope you are fine
  [main] INFO  library_management_system.Library  - Hello!!!
  [main] INFO  library_management_system.Library  - Hope you are fine
  [main] INFO  library_management_system.Library  - Hello!!!
  [main] INFO  library_management_system.Library  - Hope you are fine
  [main] INFO  library_management_system.Library  - Hello!!!
  [main] INFO  library_management_system.Library  - Hope you are fine
  [main] INFO  library_management_system.Library  - Hello!!!
  [main] INFO  library_management_system.Library  - Hope you are fine
  [main] INFO  library_management_system.Library  - Hello!!!
  [main] INFO  library_management_system.Library  - Hope you are fine
  [main] INFO  library_management_system.Library  - Hello!!!
  [main] INFO  library_management_system.Library  - Hope you are fine
  [main] INFO  library_management_system.Library  - Hello!!!
  [main] INFO  library_management_system.Library  - Hope you are fine
  [main] INFO  library_management_system.Library  - Hello!!!
  [main] INFO  library_management_system.Library  - Hope you are fine
  [main] INFO  library_management_system.Library  - Hello!!!
  [main] INFO  library_management_system.Library  - Hope you are fine
  [main] INFO  library_management_system.Library  - Hello!!!
  [main] INFO  library_management_system.Library  - Hope you are fine
  [main] INFO  library_management_system.Library  - Hello!!!
  [main] INFO  library_management_system.Library  - Hope you are fine
  [main] INFO  library_management_system.Library  - Hello!!!
  [main] INFO  library_management_system.Library  - Hope you are fine
  [main] INFO  library_management_system.Library  - Hello!!!
  [main] INFO  library_management_system.Library  - Hope you are fine
  [main] INFO  library_management_system.Library  - Hello!!!
  [main] INFO  library_management_system.Library  - Hope you are fine
  [main] INFO  library_management_system.Library  - Hello!!!
  [main] INFO  library_management_system.Library  - Hope you are fine
  [main] INFO  library_management_system.Library  - Hello!!!
  [main] INFO  library_management_system.Library  - Hope you are fine
  [main] ERROR library_management_system.Library  - Please enter valid input.
  [main] ERROR library_management_system.Library  - Wrong Option!!!!!
  [main] INFO  library_management_system.Library  - Hello!!!
  [main] INFO  library_management_system.Library  - Hope you are fine
  [main] INFO  library_management_system.Library  - Hello!!!
  [main] INFO  library_management_system.Library  - Hope you are fine
  [main] ERROR library_management_system.Library  - Please enter valid input.
  [main] ERROR library_management_system.Library  - Please enter valid input.
  [main] ERROR library_management_system.Library  - Please enter valid input.
  [main] ERROR library_management_system.Library  - Please enter valid input.
  [main] INFO  library_management_system.Library  - Hello!!!
  [main] INFO  library_management_system.Library  - Hope you are fine
  [main] ERROR library_management_system.Library  - Please enter valid input.
  [main] INFO  library_management_system.Library  - Hello!!!
  [main] INFO  library_management_system.Library  - Hope you are fine
  [main] INFO  library_management_system.Library  - Hello!!!
  [main] INFO  library_management_system.Library  - Hope you are fine
  [main] ERROR library_management_system.Library  - Please enter valid input.
  [main] INFO  library_management_system.Library  - Hello!!!
  [main] INFO  library_management_system.Library  - Hope you are fine
  [main] INFO  library_management_system.Library  - Hello!!!
  [main] INFO  library_management_system.Library  - Hope you are fine
  [main] INFO  library_management_system.Library  - Hello!!!
  [main] INFO  library_management_system.Library  - Hope you are fine
  [main] INFO  library_management_system.Library  - Hello!!!
  [main] INFO  library_management_system.Library  - Hope you are fine
  [main] INFO  library_management_system.Library  - Hello!!!
  [main] INFO  library_management_system.Library  - Hope you are fine
  [main] INFO  library_management_system.Library  - Hello!!!
  [main] INFO  library_management_system.Library  - Hope you are fine
  [main] INFO  library_management_system.Library  - Hello!!!
  [main] INFO  library_management_system.Library  - Hope you are fine
  [main] INFO  library_management_system.Library  - Hello!!!
  [main] INFO  library_management_system.Library  - Hope you are fine
  [main] INFO  library_management_system.Library  - Hello!!!
  [main] INFO  library_management_system.Library  - Hope you are fine
  [main] INFO  library_management_system.Library  - Hello!!!
  [main] INFO  library_management_system.Library  - Hope you are fine
  [main] INFO  library_management_system.Library  - Hello!!!
  [main] INFO  library_management_system.Library  - Hope you are fine
  [main] INFO  library_management_system.Library  - Hello!!!
  [main] INFO  library_management_system.Library  - Hope you are fine
  [main] ERROR library_management_system.Library  - Wrong Option!!!!!
  [main] ERROR library_management_system.Library  - Wrong Option!!!!!
  [main] INFO  library_management_system.Library  - Hello!!!
  [main] INFO  library_management_system.Library  - Hope you are fine
  [main] INFO  library_management_system.Library  - Hello!!!
  [main] INFO  library_management_system.Library  - Hope you are fine
  [main] INFO  library_management_system.Library  - Hello!!!
  [main] INFO  library_management_system.Library  - Hope you are fine
  